\BOOKMARK [1][-]{section.1}{\376\377\000I\000n\000t\000r\000o\000d\000u\000c\000t\000i\000o\000n}{}% 1
\BOOKMARK [2][-]{subsection.1.1}{\376\377\000P\000r\000o\000b\000l\000e\000m\000\040\000D\000e\000s\000c\000r\000i\000p\000t\000i\000o\000n}{section.1}% 2
\BOOKMARK [2][-]{subsection.1.2}{\376\377\000E\000v\000a\000l\000u\000a\000t\000i\000o\000n\000\040\000M\000e\000t\000r\000i\000c}{section.1}% 3
\BOOKMARK [2][-]{subsection.1.3}{\376\377\000D\000a\000t\000a\000\040\000S\000o\000u\000r\000c\000e\000s}{section.1}% 4
\BOOKMARK [1][-]{section.2}{\376\377\000E\000x\000p\000l\000o\000r\000a\000t\000o\000r\000y\000\040\000D\000a\000t\000a\000\040\000A\000n\000a\000l\000y\000s\000i\000s\000\040\000\050\000E\000D\000A\000\051}{}% 5
\BOOKMARK [2][-]{subsection.2.1}{\376\377\000T\000e\000m\000p\000o\000r\000a\000l\000\040\000A\000n\000a\000l\000y\000s\000i\000s\000\040\000o\000f\000\040\000R\000e\000c\000e\000i\000v\000a\000l\000s}{section.2}% 6
\BOOKMARK [3][-]{subsubsection.2.1.1}{\376\377\000M\000o\000n\000t\000h\000l\000y\000\040\000T\000r\000e\000n\000d\000s}{subsection.2.1}% 7
\BOOKMARK [2][-]{subsection.2.2}{\376\377\000M\000a\000t\000e\000r\000i\000a\000l\000\040\000D\000i\000s\000t\000r\000i\000b\000u\000t\000i\000o\000n\000\040\000A\000n\000a\000l\000y\000s\000i\000s}{section.2}% 8
\BOOKMARK [3][-]{subsubsection.2.2.1}{\376\377\000P\000a\000r\000e\000t\000o\000\040\000P\000r\000i\000n\000c\000i\000p\000l\000e\000\040\000\050\0008\0000\000/\0002\0000\000\040\000R\000u\000l\000e\000\051}{subsection.2.2}% 9
\BOOKMARK [3][-]{subsubsection.2.2.2}{\376\377\000C\000o\000e\000f\000f\000i\000c\000i\000e\000n\000t\000\040\000o\000f\000\040\000V\000a\000r\000i\000a\000t\000i\000o\000n\000\040\000\050\000C\000V\000\051}{subsection.2.2}% 10
\BOOKMARK [2][-]{subsection.2.3}{\376\377\000P\000u\000r\000c\000h\000a\000s\000e\000\040\000O\000r\000d\000e\000r\000\040\000A\000n\000a\000l\000y\000s\000i\000s}{section.2}% 11
\BOOKMARK [3][-]{subsubsection.2.3.1}{\376\377\000P\000O\000\040\000a\000s\000\040\000P\000r\000e\000d\000i\000c\000t\000i\000v\000e\000\040\000S\000i\000g\000n\000a\000l}{subsection.2.3}% 12
\BOOKMARK [3][-]{subsubsection.2.3.2}{\376\377\000P\000O\000\040\000R\000e\000l\000i\000a\000b\000i\000l\000i\000t\000y\000\040\000A\000n\000a\000l\000y\000s\000i\000s}{subsection.2.3}% 13
\BOOKMARK [2][-]{subsection.2.4}{\376\377\000D\000a\000t\000a\000\040\000Q\000u\000a\000l\000i\000t\000y\000\040\000a\000n\000d\000\040\000C\000l\000e\000a\000n\000i\000n\000g}{section.2}% 14
\BOOKMARK [3][-]{subsubsection.2.4.1}{\376\377\000M\000i\000s\000s\000i\000n\000g\000\040\000V\000a\000l\000u\000e\000s\000\040\000a\000n\000d\000\040\000O\000u\000t\000l\000i\000e\000r\000s}{subsection.2.4}% 15
\BOOKMARK [3][-]{subsubsection.2.4.2}{\376\377\000P\000r\000o\000d\000u\000c\000t\000\040\000S\000p\000l\000i\000t\000t\000i\000n\000g}{subsection.2.4}% 16
\BOOKMARK [2][-]{subsection.2.5}{\376\377\000D\000o\000m\000a\000i\000n\000\040\000K\000n\000o\000w\000l\000e\000d\000g\000e\000\040\000S\000e\000a\000r\000c\000h}{section.2}% 17
\BOOKMARK [1][-]{section.3}{\376\377\000F\000e\000a\000t\000u\000r\000e\000\040\000E\000n\000g\000i\000n\000e\000e\000r\000i\000n\000g}{}% 18
\BOOKMARK [2][-]{subsection.3.1}{\376\377\000A\000c\000t\000i\000v\000e\000\040\000M\000a\000t\000e\000r\000i\000a\000l\000\040\000F\000i\000l\000t\000e\000r\000i\000n\000g}{section.3}% 19
\BOOKMARK [2][-]{subsection.3.2}{\376\377\000T\000e\000m\000p\000o\000r\000a\000l\000\040\000F\000e\000a\000t\000u\000r\000e\000s}{section.3}% 20
\BOOKMARK [2][-]{subsection.3.3}{\376\377\000L\000a\000g\000\040\000F\000e\000a\000t\000u\000r\000e\000s}{section.3}% 21
\BOOKMARK [2][-]{subsection.3.4}{\376\377\000R\000o\000l\000l\000i\000n\000g\000\040\000A\000g\000g\000r\000e\000g\000a\000t\000i\000o\000n\000\040\000F\000e\000a\000t\000u\000r\000e\000s}{section.3}% 22
\BOOKMARK [2][-]{subsection.3.5}{\376\377\000P\000u\000r\000c\000h\000a\000s\000e\000\040\000O\000r\000d\000e\000r\000\040\000F\000e\000a\000t\000u\000r\000e\000s\000\040\000\050\000E\000x\000c\000l\000u\000d\000e\000d\000\040\000f\000r\000o\000m\000\040\000T\000r\000a\000i\000n\000i\000n\000g\000\051}{section.3}% 23
\BOOKMARK [2][-]{subsection.3.6}{\376\377\000F\000e\000a\000t\000u\000r\000e\000\040\000S\000e\000t\000\040\000S\000u\000m\000m\000a\000r\000y\000\040\000\050\000A\000p\000p\000r\000o\000a\000c\000h\000\040\0001\000\051}{section.3}% 24
\BOOKMARK [1][-]{section.4}{\376\377\000M\000o\000d\000e\000l\000i\000n\000g\000\040\000A\000p\000p\000r\000o\000a\000c\000h\000\040\0001\000:\000\040\000M\000a\000t\000e\000r\000i\000a\000l\000-\000S\000p\000e\000c\000i\000f\000i\000c\000\040\000R\000e\000c\000u\000r\000s\000i\000v\000e\000\040\000F\000o\000r\000e\000c\000a\000s\000t\000i\000n\000g\000\040\000\050\000S\000h\000o\000r\000t\000\040\000N\000o\000t\000e\000b\000o\000o\000k\000\040\0001\000\051}{}% 25
\BOOKMARK [2][-]{subsection.4.1}{\376\377\000A\000r\000c\000h\000i\000t\000e\000c\000t\000u\000r\000e\000\040\000O\000v\000e\000r\000v\000i\000e\000w}{section.4}% 26
\BOOKMARK [2][-]{subsection.4.2}{\376\377\000M\000o\000d\000e\000l\000\040\000C\000h\000o\000i\000c\000e\000:\000\040\000L\000i\000g\000h\000t\000G\000B\000M}{section.4}% 27
\BOOKMARK [2][-]{subsection.4.3}{\376\377\000A\000l\000t\000e\000r\000n\000a\000t\000i\000v\000e\000\040\000M\000o\000d\000e\000l\000s\000\040\000E\000x\000p\000l\000o\000r\000e\000d}{section.4}% 28
\BOOKMARK [2][-]{subsection.4.4}{\376\377\000T\000r\000a\000i\000n\000i\000n\000g\000\040\000S\000t\000r\000a\000t\000e\000g\000y}{section.4}% 29
\BOOKMARK [3][-]{subsubsection.4.4.1}{\376\377\000V\000a\000l\000i\000d\000a\000t\000i\000o\000n\000\040\000S\000p\000l\000i\000t}{subsection.4.4}% 30
\BOOKMARK [3][-]{subsubsection.4.4.2}{\376\377\000E\000a\000r\000l\000y\000\040\000S\000t\000o\000p\000p\000i\000n\000g}{subsection.4.4}% 31
\BOOKMARK [3][-]{subsubsection.4.4.3}{\376\377\000R\000e\000t\000r\000a\000i\000n\000i\000n\000g\000\040\000o\000n\000\040\000F\000u\000l\000l\000\040\000D\000a\000t\000a}{subsection.4.4}% 32
\BOOKMARK [2][-]{subsection.4.5}{\376\377\000R\000e\000c\000u\000r\000s\000i\000v\000e\000\040\000F\000o\000r\000e\000c\000a\000s\000t\000i\000n\000g}{section.4}% 33
\BOOKMARK [2][-]{subsection.4.6}{\376\377\000A\000d\000a\000p\000t\000i\000v\000e\000\040\000S\000h\000r\000i\000n\000k\000a\000g\000e\000\040\000S\000t\000r\000a\000t\000e\000g\000y}{section.4}% 34
\BOOKMARK [3][-]{subsubsection.4.6.1}{\376\377\000M\000o\000t\000i\000v\000a\000t\000i\000o\000n}{subsection.4.6}% 35
\BOOKMARK [3][-]{subsubsection.4.6.2}{\376\377\000S\000h\000r\000i\000n\000k\000a\000g\000e\000\040\000F\000o\000r\000m\000u\000l\000a}{subsection.4.6}% 36
\BOOKMARK [1][-]{section.5}{\376\377\000M\000o\000d\000e\000l\000i\000n\000g\000\040\000A\000p\000p\000r\000o\000a\000c\000h\000\040\0002\000:\000\040\000A\000d\000v\000a\000n\000c\000e\000d\000\040\000E\000n\000s\000e\000m\000b\000l\000e\000\040\000\050\000S\000h\000o\000r\000t\000\040\000N\000o\000t\000e\000b\000o\000o\000k\000\040\0002\000+\000R\000o\000l\000l\000i\000n\000g\000\051}{}% 37
\BOOKMARK [2][-]{subsection.5.1}{\376\377\000E\000n\000h\000a\000n\000c\000e\000d\000\040\000F\000e\000a\000t\000u\000r\000e\000\040\000E\000n\000g\000i\000n\000e\000e\000r\000i\000n\000g}{section.5}% 38
\BOOKMARK [3][-]{subsubsection.5.1.1}{\376\377\000A\000d\000v\000a\000n\000c\000e\000d\000\040\000T\000e\000m\000p\000o\000r\000a\000l\000\040\000F\000e\000a\000t\000u\000r\000e\000s}{subsection.5.1}% 39
\BOOKMARK [3][-]{subsubsection.5.1.2}{\376\377\000T\000a\000r\000g\000e\000t\000\040\000E\000n\000c\000o\000d\000i\000n\000g}{subsection.5.1}% 40
\BOOKMARK [3][-]{subsubsection.5.1.3}{\376\377\000F\000e\000a\000t\000u\000r\000e\000\040\000S\000e\000t\000\040\000S\000u\000m\000m\000a\000r\000y\000\040\000\050\000A\000p\000p\000r\000o\000a\000c\000h\000\040\0002\000\051}{subsection.5.1}% 41
\BOOKMARK [2][-]{subsection.5.2}{\376\377\000H\000y\000p\000e\000r\000p\000a\000r\000a\000m\000e\000t\000e\000r\000\040\000O\000p\000t\000i\000m\000i\000z\000a\000t\000i\000o\000n\000\040\000w\000i\000t\000h\000\040\000O\000p\000t\000u\000n\000a}{section.5}% 42
\BOOKMARK [3][-]{subsubsection.5.2.1}{\376\377\000O\000p\000t\000i\000m\000i\000z\000a\000t\000i\000o\000n\000\040\000S\000t\000r\000a\000t\000e\000g\000y}{subsection.5.2}% 43
\BOOKMARK [3][-]{subsubsection.5.2.2}{\376\377\000H\000y\000p\000e\000r\000p\000a\000r\000a\000m\000e\000t\000e\000r\000\040\000S\000e\000a\000r\000c\000h\000\040\000S\000p\000a\000c\000e\000s}{subsection.5.2}% 44
\BOOKMARK [3][-]{subsubsection.5.2.3}{\376\377\000O\000p\000t\000i\000m\000i\000z\000a\000t\000i\000o\000n\000\040\000R\000e\000s\000u\000l\000t\000s}{subsection.5.2}% 45
\BOOKMARK [2][-]{subsection.5.3}{\376\377\000E\000n\000s\000e\000m\000b\000l\000e\000\040\000S\000t\000r\000a\000t\000e\000g\000y}{section.5}% 46
\BOOKMARK [3][-]{subsubsection.5.3.1}{\376\377\000E\000n\000s\000e\000m\000b\000l\000e\000\040\000W\000e\000i\000g\000h\000t\000\040\000C\000o\000n\000f\000i\000g\000u\000r\000a\000t\000i\000o\000n\000s}{subsection.5.3}% 47
\BOOKMARK [3][-]{subsubsection.5.3.2}{\376\377\000C\000o\000n\000s\000e\000r\000v\000a\000t\000i\000v\000e\000\040\000C\000a\000l\000i\000b\000r\000a\000t\000i\000o\000n}{subsection.5.3}% 48
\BOOKMARK [2][-]{subsection.5.4}{\376\377\000T\000r\000a\000i\000n\000i\000n\000g\000\040\000S\000t\000r\000a\000t\000e\000g\000y}{section.5}% 49
\BOOKMARK [1][-]{section.6}{\376\377\000M\000o\000d\000e\000l\000\040\000I\000n\000t\000e\000r\000p\000r\000e\000t\000a\000t\000i\000o\000n}{}% 50
\BOOKMARK [2][-]{subsection.6.1}{\376\377\000F\000e\000a\000t\000u\000r\000e\000\040\000I\000m\000p\000o\000r\000t\000a\000n\000c\000e\000\040\000A\000n\000a\000l\000y\000s\000i\000s}{section.6}% 51
\BOOKMARK [2][-]{subsection.6.2}{\376\377\000E\000r\000r\000o\000r\000\040\000A\000n\000a\000l\000y\000s\000i\000s}{section.6}% 52
\BOOKMARK [2][-]{subsection.6.3}{\376\377\000S\000h\000r\000i\000n\000k\000a\000g\000e\000\040\000D\000i\000a\000g\000n\000o\000s\000t\000i\000c\000s}{section.6}% 53
\BOOKMARK [3][-]{subsubsection.6.3.1}{\376\377\000S\000h\000r\000i\000n\000k\000a\000g\000e\000\040\000v\000s\000.\000\040\000V\000o\000l\000a\000t\000i\000l\000i\000t\000y}{subsection.6.3}% 54
\BOOKMARK [3][-]{subsubsection.6.3.2}{\376\377\000S\000h\000r\000i\000n\000k\000a\000g\000e\000\040\000v\000s\000.\000\040\000P\000u\000r\000c\000h\000a\000s\000e\000\040\000O\000r\000d\000e\000r\000s}{subsection.6.3}% 55
\BOOKMARK [2][-]{subsection.6.4}{\376\377\000V\000a\000l\000i\000d\000a\000t\000i\000o\000n\000\040\000V\000i\000s\000u\000a\000l\000i\000z\000a\000t\000i\000o\000n}{section.6}% 56
\BOOKMARK [1][-]{section.7}{\376\377\000R\000e\000s\000u\000l\000t\000s\000\040\000a\000n\000d\000\040\000E\000v\000a\000l\000u\000a\000t\000i\000o\000n}{}% 57
\BOOKMARK [2][-]{subsection.7.1}{\376\377\000C\000o\000m\000p\000a\000r\000a\000t\000i\000v\000e\000\040\000P\000e\000r\000f\000o\000r\000m\000a\000n\000c\000e\000\040\000A\000n\000a\000l\000y\000s\000i\000s}{section.7}% 58
\BOOKMARK [3][-]{subsubsection.7.1.1}{\376\377\000A\000p\000p\000r\000o\000a\000c\000h\000\040\0001\000:\000\040\000M\000a\000t\000e\000r\000i\000a\000l\000-\000S\000p\000e\000c\000i\000f\000i\000c\000\040\000R\000e\000c\000u\000r\000s\000i\000v\000e\000\040\000F\000o\000r\000e\000c\000a\000s\000t\000i\000n\000g\000\040\000\050\000S\000h\000o\000r\000t\000\040\000N\000o\000t\000e\000b\000o\000o\000k\000\040\0001\000\051}{subsection.7.1}% 59
\BOOKMARK [3][-]{subsubsection.7.1.2}{\376\377\000A\000p\000p\000r\000o\000a\000c\000h\000\040\0002\000:\000\040\000E\000n\000s\000e\000m\000b\000l\000e\000\040\000w\000i\000t\000h\000\040\000A\000d\000v\000a\000n\000c\000e\000d\000\040\000F\000e\000a\000t\000u\000r\000e\000s\000\040\000\050\000S\000h\000o\000r\000t\000\040\000N\000o\000t\000e\000b\000o\000o\000k\000\040\0002\000+\000R\000o\000l\000l\000i\000n\000g\000\051}{subsection.7.1}% 60
\BOOKMARK [2][-]{subsection.7.2}{\376\377\000K\000a\000g\000g\000l\000e\000\040\000L\000e\000a\000d\000e\000r\000b\000o\000a\000r\000d\000\040\000P\000e\000r\000f\000o\000r\000m\000a\000n\000c\000e}{section.7}% 61
\BOOKMARK [2][-]{subsection.7.3}{\376\377\000C\000o\000m\000p\000u\000t\000a\000t\000i\000o\000n\000a\000l\000\040\000E\000f\000f\000i\000c\000i\000e\000n\000c\000y}{section.7}% 62
\BOOKMARK [1][-]{section.8}{\376\377\000S\000t\000r\000e\000n\000g\000t\000h\000s\000,\000\040\000L\000i\000m\000i\000t\000a\000t\000i\000o\000n\000s\000,\000\040\000a\000n\000d\000\040\000F\000u\000t\000u\000r\000e\000\040\000I\000m\000p\000r\000o\000v\000e\000m\000e\000n\000t\000s}{}% 63
\BOOKMARK [2][-]{subsection.8.1}{\376\377\000S\000t\000r\000e\000n\000g\000t\000h\000s}{section.8}% 64
\BOOKMARK [2][-]{subsection.8.2}{\376\377\000L\000i\000m\000i\000t\000a\000t\000i\000o\000n\000s}{section.8}% 65
\BOOKMARK [2][-]{subsection.8.3}{\376\377\000F\000u\000t\000u\000r\000e\000\040\000I\000m\000p\000r\000o\000v\000e\000m\000e\000n\000t\000s}{section.8}% 66
\BOOKMARK [1][-]{section.9}{\376\377\000C\000o\000n\000c\000l\000u\000s\000i\000o\000n}{}% 67
